Loading design...
Design: SKY130 Voltage-Controlled Ring Oscillator
Parameters: 7
Specs: 5

DE: 7 params, pop=35, patience=30, workers=4
[DE] iter    1 | best: 3.423765e-01 | no_improve:   0 | div: 0.2895 | dt: 36.492s
[DE] iter    2 | best: -6.616659e+00 | no_improve:   0 | div: 0.2810 | dt: 40.415s
[DE] iter    3 | best: -6.616659e+00 | no_improve:   1 | div: 0.2694 | dt: 16.325s
[DE] iter    4 | best: -6.616659e+00 | no_improve:   2 | div: 0.2621 | dt: 14.961s
[DE] iter    5 | best: -6.616659e+00 | no_improve:   3 | div: 0.2611 | dt: 15.219s
[DE] iter    6 | best: -6.616659e+00 | no_improve:   4 | div: 0.2626 | dt: 16.404s
[DE] iter    7 | best: -6.616659e+00 | no_improve:   5 | div: 0.2596 | dt: 17.735s
[DE] iter    8 | best: -6.616659e+00 | no_improve:   6 | div: 0.2552 | dt: 19.162s
[DE] iter    9 | best: -6.727935e+00 | no_improve:   0 | div: 0.2527 | dt: 23.169s
[DE] iter   10 | best: -6.727935e+00 | no_improve:   1 | div: 0.2397 | dt: 22.608s
[DE] iter   11 | best: -6.727935e+00 | no_improve:   2 | div: 0.2244 | dt: 103.315s
[DE] iter   12 | best: -6.727935e+00 | no_improve:   3 | div: 0.2218 | dt: 111.273s
[DE] iter   13 | best: -7.097286e+00 | no_improve:   0 | div: 0.1884 | dt: 25.826s
[DE] iter   14 | best: -7.097286e+00 | no_improve:   1 | div: 0.1801 | dt: 28.092s
[DE] iter   15 | best: -7.097286e+00 | no_improve:   2 | div: 0.1844 | dt: 29.388s
[DE] iter   16 | best: -7.097286e+00 | no_improve:   3 | div: 0.1767 | dt: 27.093s
[DE] iter   17 | best: -7.097286e+00 | no_improve:   4 | div: 0.1751 | dt: 27.077s
[DE] iter   18 | best: -7.097286e+00 | no_improve:   5 | div: 0.1620 | dt: 26.939s
[DE] iter   19 | best: -7.097286e+00 | no_improve:   6 | div: 0.1465 | dt: 27.303s
[DE] iter   20 | best: -7.097286e+00 | no_improve:   7 | div: 0.1375 | dt: 31.283s
[DE] iter   21 | best: -7.097286e+00 | no_improve:   8 | div: 0.1355 | dt: 30.262s
[DE] iter   22 | best: -7.097286e+00 | no_improve:   9 | div: 0.1391 | dt: 29.916s
[DE] iter   23 | best: -7.097286e+00 | no_improve:  10 | div: 0.1380 | dt: 56.862s
[DE] iter   24 | best: -7.097286e+00 | no_improve:  11 | div: 0.1380 | dt: 24.367s
[DE] iter   25 | best: -7.097286e+00 | no_improve:  12 | div: 0.1332 | dt: 29.036s
[DE] iter   26 | best: -7.097286e+00 | no_improve:  13 | div: 0.1270 | dt: 29.229s
[DE] iter   27 | best: -7.097286e+00 | no_improve:  14 | div: 0.1280 | dt: 30.720s
[DE] iter   28 | best: -7.097286e+00 | no_improve:  15 | div: 0.1274 | dt: 53.792s
[DE] iter   29 | best: -7.097286e+00 | no_improve:  16 | div: 0.1197 | dt: 30.267s
[DE] iter   30 | best: -7.097286e+00 | no_improve:  17 | div: 0.1192 | dt: 31.666s
[DE] iter   31 | best: -7.097286e+00 | no_improve:  18 | div: 0.1187 | dt: 29.641s
[DE] iter   32 | best: -7.097286e+00 | no_improve:  19 | div: 0.1144 | dt: 31.889s
[DE] iter   33 | best: -7.097286e+00 | no_improve:  20 | div: 0.1181 | dt: 29.218s
[DE] iter   34 | best: -7.097286e+00 | no_improve:  21 | div: 0.1199 | dt: 31.624s
[DE] iter   35 | best: -7.097286e+00 | no_improve:  22 | div: 0.1199 | dt: 29.367s
[DE] iter   36 | best: -7.097286e+00 | no_improve:  23 | div: 0.1181 | dt: 30.580s
[DE] iter   37 | best: -7.097286e+00 | no_improve:  24 | div: 0.1143 | dt: 32.050s
[DE] iter   38 | best: -7.097286e+00 | no_improve:  25 | div: 0.1137 | dt: 31.536s
[DE] iter   39 | best: -7.097286e+00 | no_improve:  26 | div: 0.1136 | dt: 30.868s
[DE] iter   40 | best: -7.097286e+00 | no_improve:  27 | div: 0.1136 | dt: 27.612s
[DE] iter   41 | best: -7.097286e+00 | no_improve:  28 | div: 0.1120 | dt: 29.527s
[DE] iter   42 | best: -7.113209e+00 | no_improve:   0 | div: 0.1133 | dt: 32.191s
[DE] iter   43 | best: -7.116929e+00 | no_improve:   0 | div: 0.1126 | dt: 31.774s
[DE] iter   44 | best: -7.116929e+00 | no_improve:   1 | div: 0.1128 | dt: 32.109s
[DE] iter   45 | best: -7.116929e+00 | no_improve:   2 | div: 0.1144 | dt: 35.470s
[DE] iter   46 | best: -7.116929e+00 | no_improve:   3 | div: 0.1079 | dt: 30.647s
[DE] iter   47 | best: -7.154256e+00 | no_improve:   0 | div: 0.1078 | dt: 30.181s
[DE] iter   48 | best: -7.154256e+00 | no_improve:   1 | div: 0.1079 | dt: 55.915s
[DE] iter   49 | best: -7.154256e+00 | no_improve:   2 | div: 0.1048 | dt: 43.175s
[DE] iter   50 | best: -7.154256e+00 | no_improve:   3 | div: 0.1047 | dt: 51.414s
[DE] iter   51 | best: -7.154256e+00 | no_improve:   4 | div: 0.1070 | dt: 72.060s
[DE] iter   52 | best: -7.154256e+00 | no_improve:   5 | div: 0.1057 | dt: 30.587s
[DE] iter   53 | best: -7.154256e+00 | no_improve:   6 | div: 0.1061 | dt: 33.271s
[DE] iter   54 | best: -7.154256e+00 | no_improve:   7 | div: 0.1077 | dt: 30.301s
[DE] iter   55 | best: -7.154256e+00 | no_improve:   8 | div: 0.1064 | dt: 27.759s
[DE] iter   56 | best: -7.191547e+00 | no_improve:   0 | div: 0.1083 | dt: 32.609s
[DE] iter   57 | best: -7.191547e+00 | no_improve:   1 | div: 0.1094 | dt: 55.140s
[DE] iter   58 | best: -7.191547e+00 | no_improve:   2 | div: 0.1081 | dt: 108.335s
[DE] iter   59 | best: -7.191547e+00 | no_improve:   3 | div: 0.1082 | dt: 50.998s
[DE] iter   60 | best: -7.191547e+00 | no_improve:   4 | div: 0.1024 | dt: 32.020s
[DE] iter   61 | best: -7.191547e+00 | no_improve:   5 | div: 0.1004 | dt: 72.830s
[DE] iter   62 | best: -7.191547e+00 | no_improve:   6 | div: 0.0969 | dt: 48.048s
[DE] iter   63 | best: -7.193206e+00 | no_improve:   0 | div: 0.0985 | dt: 33.168s
[DE] iter   64 | best: -7.193206e+00 | no_improve:   1 | div: 0.0967 | dt: 86.410s
[DE] iter   65 | best: -7.193206e+00 | no_improve:   2 | div: 0.0956 | dt: 33.503s
[DE] iter   66 | best: -7.201811e+00 | no_improve:   0 | div: 0.0910 | dt: 32.845s
[DE] iter   67 | best: -7.201811e+00 | no_improve:   1 | div: 0.0901 | dt: 51.908s
[DE] iter   68 | best: -7.201811e+00 | no_improve:   2 | div: 0.0890 | dt: 32.019s
[DE] iter   69 | best: -7.201811e+00 | no_improve:   3 | div: 0.0839 | dt: 62.165s
[DE] iter   70 | best: -7.221057e+00 | no_improve:   0 | div: 0.0816 | dt: 68.228s
[DE] iter   71 | best: -7.221057e+00 | no_improve:   1 | div: 0.0816 | dt: 60.853s
[DE] iter   72 | best: -7.238214e+00 | no_improve:   0 | div: 0.0774 | dt: 32.385s
[DE] iter   73 | best: -7.238214e+00 | no_improve:   1 | div: 0.0770 | dt: 74.922s
[DE] iter   74 | best: -7.238214e+00 | no_improve:   2 | div: 0.0759 | dt: 31.956s
[DE] iter   75 | best: -7.238214e+00 | no_improve:   3 | div: 0.0734 | dt: 30.150s
[DE] iter   76 | best: -7.256592e+00 | no_improve:   0 | div: 0.0743 | dt: 32.695s
[DE] iter   77 | best: -7.256592e+00 | no_improve:   1 | div: 0.0731 | dt: 32.200s
[DE] iter   78 | best: -7.256592e+00 | no_improve:   2 | div: 0.0705 | dt: 30.691s
[DE] iter   79 | best: -7.256592e+00 | no_improve:   3 | div: 0.0691 | dt: 34.131s
[DE] iter   80 | best: -7.256592e+00 | no_improve:   4 | div: 0.0660 | dt: 31.448s
[DE] iter   81 | best: -7.256592e+00 | no_improve:   5 | div: 0.0657 | dt: 32.023s
[DE] iter   82 | best: -7.256592e+00 | no_improve:   6 | div: 0.0623 | dt: 34.224s
[DE] iter   83 | best: -7.256933e+00 | no_improve:   0 | div: 0.0590 | dt: 34.054s
[DE] iter   84 | best: -7.256933e+00 | no_improve:   1 | div: 0.0581 | dt: 33.927s
[DE] iter   85 | best: -7.256933e+00 | no_improve:   2 | div: 0.0578 | dt: 33.752s
[DE] iter   86 | best: -7.256933e+00 | no_improve:   3 | div: 0.0581 | dt: 33.550s
[DE] iter   87 | best: -7.256933e+00 | no_improve:   4 | div: 0.0561 | dt: 31.519s
[DE] iter   88 | best: -7.256933e+00 | no_improve:   5 | div: 0.0565 | dt: 33.802s
[DE] iter   89 | best: -7.256933e+00 | no_improve:   6 | div: 0.0531 | dt: 33.868s
[DE] iter   90 | best: -7.256933e+00 | no_improve:   7 | div: 0.0528 | dt: 33.278s
[DE] iter   91 | best: -7.256933e+00 | no_improve:   8 | div: 0.0500 | dt: 32.225s
[DE] iter   92 | best: -7.256933e+00 | no_improve:   9 | div: 0.0460 | dt: 32.447s
[DE] iter   93 | best: -7.257050e+00 | no_improve:   0 | div: 0.0454 | dt: 31.166s
[DE] iter   94 | best: -7.278363e+00 | no_improve:   0 | div: 0.0463 | dt: 33.736s
[DE] iter   95 | best: -7.278363e+00 | no_improve:   1 | div: 0.0464 | dt: 33.855s
[DE] iter   96 | best: -7.278363e+00 | no_improve:   2 | div: 0.0429 | dt: 33.685s
[DE] iter   97 | best: -7.278363e+00 | no_improve:   3 | div: 0.0422 | dt: 31.418s
[DE] iter   98 | best: -7.278363e+00 | no_improve:   4 | div: 0.0399 | dt: 54.874s
[DE] iter   99 | best: -7.278363e+00 | no_improve:   5 | div: 0.0406 | dt: 31.715s
[DE] iter  100 | best: -7.278363e+00 | no_improve:   6 | div: 0.0398 | dt: 52.284s
[DE] iter  101 | best: -7.278363e+00 | no_improve:   7 | div: 0.0384 | dt: 53.215s
[DE] iter  102 | best: -7.278363e+00 | no_improve:   8 | div: 0.0357 | dt: 35.210s
[DE] iter  103 | best: -7.278363e+00 | no_improve:   9 | div: 0.0366 | dt: 32.135s
[DE] iter  104 | best: -7.278363e+00 | no_improve:  10 | div: 0.0345 | dt: 60.745s
[DE] iter  105 | best: -7.278363e+00 | no_improve:  11 | div: 0.0351 | dt: 46.536s
[DE] iter  106 | best: -7.278363e+00 | no_improve:  12 | div: 0.0354 | dt: 76.966s
[DE] iter  107 | best: -7.278363e+00 | no_improve:  13 | div: 0.0357 | dt: 64.659s
[DE] iter  108 | best: -7.278363e+00 | no_improve:  14 | div: 0.0374 | dt: 41.974s
[DE] iter  109 | best: -7.278363e+00 | no_improve:  15 | div: 0.0359 | dt: 59.132s
[DE] iter  110 | best: -7.278363e+00 | no_improve:  16 | div: 0.0360 | dt: 49.317s
[DE] iter  111 | best: -7.278363e+00 | no_improve:  17 | div: 0.0346 | dt: 32.399s
[DE] iter  112 | best: -7.278363e+00 | no_improve:  18 | div: 0.0321 | dt: 57.502s
[DE] iter  113 | best: -7.278363e+00 | no_improve:  19 | div: 0.0298 | dt: 76.568s
[DE] iter  114 | best: -7.278363e+00 | no_improve:  20 | div: 0.0284 | dt: 74.004s
[DE] iter  115 | best: -7.278363e+00 | no_improve:  21 | div: 0.0282 | dt: 60.352s
[DE] iter  116 | best: -7.278931e+00 | no_improve:   0 | div: 0.0282 | dt: 134.899s
[DE] iter  117 | best: -7.279186e+00 | no_improve:   0 | div: 0.0277 | dt: 65.424s
[DE] iter  118 | best: -7.279186e+00 | no_improve:   1 | div: 0.0274 | dt: 52.253s
[DE] iter  119 | best: -7.279186e+00 | no_improve:   2 | div: 0.0276 | dt: 37.529s
[DE] iter  120 | best: -7.279186e+00 | no_improve:   3 | div: 0.0275 | dt: 31.506s
[DE] iter  121 | best: -7.279186e+00 | no_improve:   4 | div: 0.0271 | dt: 73.788s
[DE] iter  122 | best: -7.279298e+00 | no_improve:   0 | div: 0.0245 | dt: 86.566s
[DE] iter  123 | best: -7.279298e+00 | no_improve:   1 | div: 0.0240 | dt: 33.260s
[DE] iter  124 | best: -7.279298e+00 | no_improve:   2 | div: 0.0241 | dt: 60.565s
[DE] iter  125 | best: -7.279298e+00 | no_improve:   3 | div: 0.0239 | dt: 47.883s
[DE] iter  126 | best: -7.280002e+00 | no_improve:   0 | div: 0.0219 | dt: 46.151s
[DE] iter  127 | best: -7.283441e+00 | no_improve:   0 | div: 0.0190 | dt: 72.242s
[DE] iter  128 | best: -7.283441e+00 | no_improve:   1 | div: 0.0187 | dt: 72.456s
[DE] iter  129 | best: -7.283441e+00 | no_improve:   2 | div: 0.0184 | dt: 33.125s
[DE] iter  130 | best: -7.283441e+00 | no_improve:   3 | div: 0.0191 | dt: 82.779s
[DE] iter  131 | best: -7.283441e+00 | no_improve:   4 | div: 0.0189 | dt: 31.613s
[DE] iter  132 | best: -7.283441e+00 | no_improve:   5 | div: 0.0193 | dt: 29.383s
[DE] iter  133 | best: -7.283441e+00 | no_improve:   6 | div: 0.0192 | dt: 74.508s
[DE] iter  134 | best: -7.283441e+00 | no_improve:   7 | div: 0.0187 | dt: 31.650s
[DE] iter  135 | best: -7.283441e+00 | no_improve:   8 | div: 0.0186 | dt: 32.039s
[DE] iter  136 | best: -7.283441e+00 | no_improve:   9 | div: 0.0184 | dt: 66.603s
[DE] iter  137 | best: -7.283441e+00 | no_improve:  10 | div: 0.0167 | dt: 35.737s
[DE] iter  138 | best: -7.283441e+00 | no_improve:  11 | div: 0.0162 | dt: 34.160s
[DE] iter  139 | best: -7.283441e+00 | no_improve:  12 | div: 0.0162 | dt: 30.863s
[DE] iter  140 | best: -7.283441e+00 | no_improve:  13 | div: 0.0161 | dt: 32.973s
[DE] iter  141 | best: -7.283864e+00 | no_improve:   0 | div: 0.0156 | dt: 34.688s
[DE] iter  142 | best: -7.283864e+00 | no_improve:   1 | div: 0.0153 | dt: 77.770s
[DE] iter  143 | best: -7.284407e+00 | no_improve:   0 | div: 0.0126 | dt: 66.907s
[DE] iter  144 | best: -7.285348e+00 | no_improve:   0 | div: 0.0121 | dt: 32.195s
[DE] iter  145 | best: -7.285348e+00 | no_improve:   1 | div: 0.0108 | dt: 35.218s
[DE] iter  146 | best: -7.285348e+00 | no_improve:   2 | div: 0.0106 | dt: 34.085s
[DE] iter  147 | best: -7.286381e+00 | no_improve:   0 | div: 0.0099 | dt: 33.651s
[DE] iter  148 | best: -7.286381e+00 | no_improve:   1 | div: 0.0091 | dt: 35.028s
[DE] iter  149 | best: -7.286381e+00 | no_improve:   2 | div: 0.0087 | dt: 34.969s
[DE] iter  150 | best: -7.286381e+00 | no_improve:   3 | div: 0.0081 | dt: 34.127s
[DE] iter  151 | best: -7.288261e+00 | no_improve:   0 | div: 0.0080 | dt: 34.185s
[DE] iter  152 | best: -7.288261e+00 | no_improve:   1 | div: 0.0080 | dt: 34.050s
[DE] iter  153 | best: -7.288261e+00 | no_improve:   2 | div: 0.0077 | dt: 33.808s
[DE] iter  154 | best: -7.290232e+00 | no_improve:   0 | div: 0.0079 | dt: 34.783s
[DE] iter  155 | best: -7.290232e+00 | no_improve:   1 | div: 0.0079 | dt: 41.033s
[DE] iter  156 | best: -7.290232e+00 | no_improve:   2 | div: 0.0077 | dt: 56.943s
[DE] iter  157 | best: -7.290232e+00 | no_improve:   3 | div: 0.0077 | dt: 33.383s
[DE] iter  158 | best: -7.291196e+00 | no_improve:   0 | div: 0.0082 | dt: 108.374s
[DE] iter  159 | best: -7.291196e+00 | no_improve:   1 | div: 0.0079 | dt: 60.447s
[DE] iter  160 | best: -7.291196e+00 | no_improve:   2 | div: 0.0073 | dt: 34.027s
[DE] iter  161 | best: -7.292424e+00 | no_improve:   0 | div: 0.0075 | dt: 34.571s
[DE] iter  162 | best: -7.292424e+00 | no_improve:   1 | div: 0.0082 | dt: 33.951s
[DE] iter  163 | best: -7.293899e+00 | no_improve:   0 | div: 0.0079 | dt: 31.735s
[DE] iter  164 | best: -7.295040e+00 | no_improve:   0 | div: 0.0075 | dt: 105.381s
[DE] iter  165 | best: -7.295040e+00 | no_improve:   1 | div: 0.0075 | dt: 34.368s
[DE] iter  166 | best: -7.295040e+00 | no_improve:   2 | div: 0.0077 | dt: 31.919s
[DE] iter  167 | best: -7.295040e+00 | no_improve:   3 | div: 0.0076 | dt: 34.135s
[DE] iter  168 | best: -7.295040e+00 | no_improve:   4 | div: 0.0077 | dt: 32.083s
[DE] iter  169 | best: -7.295040e+00 | no_improve:   5 | div: 0.0075 | dt: 68.547s
[DE] iter  170 | best: -7.295040e+00 | no_improve:   6 | div: 0.0074 | dt: 32.108s
[DE] iter  171 | best: -7.295040e+00 | no_improve:   7 | div: 0.0071 | dt: 35.036s
[DE] iter  172 | best: -7.295040e+00 | no_improve:   8 | div: 0.0071 | dt: 55.357s
[DE] iter  173 | best: -7.295040e+00 | no_improve:   9 | div: 0.0071 | dt: 34.328s
[DE] iter  174 | best: -7.295040e+00 | no_improve:  10 | div: 0.0076 | dt: 46.710s
[DE] iter  175 | best: -7.295040e+00 | no_improve:  11 | div: 0.0075 | dt: 33.848s
[DE] iter  176 | best: -7.295040e+00 | no_improve:  12 | div: 0.0071 | dt: 59.989s
[DE] iter  177 | best: -7.295040e+00 | no_improve:  13 | div: 0.0070 | dt: 36.540s
[DE] iter  178 | best: -7.295807e+00 | no_improve:   0 | div: 0.0069 | dt: 34.800s
[DE] iter  179 | best: -7.295807e+00 | no_improve:   1 | div: 0.0068 | dt: 33.302s
[DE] iter  180 | best: -7.295807e+00 | no_improve:   2 | div: 0.0066 | dt: 53.246s
[DE] iter  181 | best: -7.295807e+00 | no_improve:   3 | div: 0.0063 | dt: 80.632s
[DE] iter  182 | best: -7.295807e+00 | no_improve:   4 | div: 0.0059 | dt: 34.882s
[DE] iter  183 | best: -7.295807e+00 | no_improve:   5 | div: 0.0059 | dt: 34.848s
[DE] iter  184 | best: -7.295807e+00 | no_improve:   6 | div: 0.0060 | dt: 34.003s
[DE] iter  185 | best: -7.295807e+00 | no_improve:   7 | div: 0.0056 | dt: 34.086s
[DE] iter  186 | best: -7.295807e+00 | no_improve:   8 | div: 0.0057 | dt: 34.378s
[DE] iter  187 | best: -7.296377e+00 | no_improve:   0 | div: 0.0056 | dt: 34.592s
[DE] iter  188 | best: -7.297019e+00 | no_improve:   0 | div: 0.0055 | dt: 31.206s
[DE] iter  189 | best: -7.297019e+00 | no_improve:   1 | div: 0.0055 | dt: 44.237s
[DE] iter  190 | best: -7.297019e+00 | no_improve:   2 | div: 0.0060 | dt: 34.025s
[DE] iter  191 | best: -7.297019e+00 | no_improve:   3 | div: 0.0060 | dt: 34.952s
[DE] iter  192 | best: -7.297019e+00 | no_improve:   4 | div: 0.0058 | dt: 33.698s
[DE] iter  193 | best: -7.297441e+00 | no_improve:   0 | div: 0.0056 | dt: 32.204s
[DE] iter  194 | best: -7.297441e+00 | no_improve:   1 | div: 0.0055 | dt: 28.991s
[DE] iter  195 | best: -7.297600e+00 | no_improve:   0 | div: 0.0056 | dt: 34.165s
[DE] iter  196 | best: -7.297600e+00 | no_improve:   1 | div: 0.0055 | dt: 43.622s
[DE] iter  197 | best: -7.297600e+00 | no_improve:   2 | div: 0.0054 | dt: 33.030s
[DE] iter  198 | best: -7.297600e+00 | no_improve:   3 | div: 0.0054 | dt: 33.750s
[DE] iter  199 | best: -7.297734e+00 | no_improve:   0 | div: 0.0048 | dt: 33.977s
[DE] iter  200 | best: -7.297920e+00 | no_improve:   0 | div: 0.0048 | dt: 34.168s
[DE] iter  201 | best: -7.297964e+00 | no_improve:   0 | div: 0.0046 | dt: 31.676s
[DE] iter  202 | best: -7.297964e+00 | no_improve:   1 | div: 0.0049 | dt: 55.842s
[DE] iter  203 | best: -7.297964e+00 | no_improve:   2 | div: 0.0047 | dt: 72.326s
[DE] iter  204 | best: -7.297964e+00 | no_improve:   3 | div: 0.0047 | dt: 31.493s
[DE] iter  205 | best: -7.297964e+00 | no_improve:   4 | div: 0.0050 | dt: 31.710s
[DE] iter  206 | best: -7.297965e+00 | no_improve:   0 | div: 0.0051 | dt: 29.504s
[DE] iter  207 | best: -7.297965e+00 | no_improve:   1 | div: 0.0047 | dt: 30.491s
