Starting dual-starving ring osc optimization (12 params)
DE: pop=30, patience=15, workers=4
[DE] iter    1 | best: -6.502126e+00 | no_improve:   0 | div: 0.2895 | dt: 14.131s
[DE] iter    2 | best: -6.983311e+00 | no_improve:   0 | div: 0.2630 | dt: 15.306s
[DE] iter    3 | best: -6.983311e+00 | no_improve:   1 | div: 0.2594 | dt: 14.154s
[DE] iter    4 | best: -6.983311e+00 | no_improve:   2 | div: 0.2375 | dt: 18.443s
[DE] iter    5 | best: -6.983311e+00 | no_improve:   3 | div: 0.2195 | dt: 20.580s
[DE] iter    6 | best: -6.983311e+00 | no_improve:   4 | div: 0.2194 | dt: 16.174s
[DE] iter    7 | best: -6.983311e+00 | no_improve:   5 | div: 0.2008 | dt: 21.665s
[DE] iter    8 | best: -6.983311e+00 | no_improve:   6 | div: 0.1963 | dt: 18.543s
[DE] iter    9 | best: -6.983311e+00 | no_improve:   7 | div: 0.1887 | dt: 18.426s
[DE] iter   10 | best: -7.110243e+00 | no_improve:   0 | div: 0.1884 | dt: 20.419s
[DE] iter   11 | best: -7.142819e+00 | no_improve:   0 | div: 0.1892 | dt: 19.532s
[DE] iter   12 | best: -7.177836e+00 | no_improve:   0 | div: 0.1721 | dt: 21.873s
[DE] iter   13 | best: -7.177836e+00 | no_improve:   1 | div: 0.1664 | dt: 18.576s
[DE] iter   14 | best: -7.177836e+00 | no_improve:   2 | div: 0.1604 | dt: 21.776s
[DE] iter   15 | best: -7.177836e+00 | no_improve:   3 | div: 0.1582 | dt: 21.517s
[DE] iter   16 | best: -7.177836e+00 | no_improve:   4 | div: 0.1575 | dt: 20.544s
[DE] iter   17 | best: -7.177836e+00 | no_improve:   5 | div: 0.1510 | dt: 23.069s
[DE] iter   18 | best: -7.177836e+00 | no_improve:   6 | div: 0.1521 | dt: 22.914s
[DE] iter   19 | best: -7.177836e+00 | no_improve:   7 | div: 0.1477 | dt: 22.472s
[DE] iter   20 | best: -7.177836e+00 | no_improve:   8 | div: 0.1426 | dt: 22.955s
[DE] iter   21 | best: -7.177836e+00 | no_improve:   9 | div: 0.1397 | dt: 21.716s
[DE] iter   22 | best: -7.177836e+00 | no_improve:  10 | div: 0.1364 | dt: 20.546s
[DE] iter   23 | best: -7.177836e+00 | no_improve:  11 | div: 0.1366 | dt: 23.019s
[DE] iter   24 | best: -7.177836e+00 | no_improve:  12 | div: 0.1336 | dt: 23.012s
[DE] iter   25 | best: -7.177836e+00 | no_improve:  13 | div: 0.1321 | dt: 23.837s
[DE] iter   26 | best: -7.177836e+00 | no_improve:  14 | div: 0.1276 | dt: 21.687s
[DE] iter   27 | best: -7.177836e+00 | no_improve:  15 | div: 0.1268 | dt: 20.502s
[DE] iter   28 | best: -7.177836e+00 | no_improve:  16 | div: 0.1268 | dt: 22.777s
[DE] iter   29 | best: -7.189668e+00 | no_improve:   0 | div: 0.1275 | dt: 19.626s
[DE] iter   30 | best: -7.189668e+00 | no_improve:   1 | div: 0.1260 | dt: 21.755s
[DE] iter   31 | best: -7.199432e+00 | no_improve:   0 | div: 0.1214 | dt: 19.520s
[DE] iter   32 | best: -7.199432e+00 | no_improve:   1 | div: 0.1223 | dt: 20.630s
[DE] iter   33 | best: -7.199432e+00 | no_improve:   2 | div: 0.1223 | dt: 18.593s
[DE] iter   34 | best: -7.199432e+00 | no_improve:   3 | div: 0.1282 | dt: 19.824s
[DE] iter   35 | best: -7.199432e+00 | no_improve:   4 | div: 0.1281 | dt: 18.491s
[DE] iter   36 | best: -7.199432e+00 | no_improve:   5 | div: 0.1275 | dt: 18.684s
[DE] iter   37 | best: -7.199432e+00 | no_improve:   6 | div: 0.1284 | dt: 21.649s
[DE] iter   38 | best: -7.199432e+00 | no_improve:   7 | div: 0.1248 | dt: 21.864s
[DE] iter   39 | best: -7.241447e+00 | no_improve:   0 | div: 0.1252 | dt: 20.578s
[DE] iter   40 | best: -7.241447e+00 | no_improve:   1 | div: 0.1232 | dt: 23.767s
[DE] iter   41 | best: -7.241447e+00 | no_improve:   2 | div: 0.1228 | dt: 19.713s
[DE] iter   42 | best: -7.241447e+00 | no_improve:   3 | div: 0.1222 | dt: 19.485s
[DE] iter   43 | best: -7.241447e+00 | no_improve:   4 | div: 0.1191 | dt: 18.496s
[DE] iter   44 | best: -7.241447e+00 | no_improve:   5 | div: 0.1191 | dt: 19.747s
[DE] iter   45 | best: -7.241447e+00 | no_improve:   6 | div: 0.1190 | dt: 17.370s
[DE] iter   46 | best: -7.241447e+00 | no_improve:   7 | div: 0.1157 | dt: 19.475s
[DE] iter   47 | best: -7.241447e+00 | no_improve:   8 | div: 0.1160 | dt: 18.426s
[DE] iter   48 | best: -7.241447e+00 | no_improve:   9 | div: 0.1156 | dt: 19.408s
[DE] iter   49 | best: -7.241447e+00 | no_improve:  10 | div: 0.1156 | dt: 20.402s
[DE] iter   50 | best: -7.241447e+00 | no_improve:  11 | div: 0.1170 | dt: 17.376s
[DE] iter   51 | best: -7.241447e+00 | no_improve:  12 | div: 0.1185 | dt: 17.326s
[DE] iter   52 | best: -7.241447e+00 | no_improve:  13 | div: 0.1193 | dt: 19.385s
[DE] iter   53 | best: -7.241447e+00 | no_improve:  14 | div: 0.1193 | dt: 17.240s
[DE] iter   54 | best: -7.241447e+00 | no_improve:  15 | div: 0.1193 | dt: 19.442s
[DE] iter   55 | best: -7.241447e+00 | no_improve:  16 | div: 0.1199 | dt: 17.355s
[DE] iter   56 | best: -7.241447e+00 | no_improve:  17 | div: 0.1199 | dt: 20.745s
[DE] iter   57 | best: -7.241447e+00 | no_improve:  18 | div: 0.1228 | dt: 21.456s
[DE] iter   58 | best: -7.241447e+00 | no_improve:  19 | div: 0.1229 | dt: 19.262s
[DE] iter   59 | best: -7.241447e+00 | no_improve:  20 | div: 0.1229 | dt: 16.415s
[DE] iter   60 | best: -7.241447e+00 | no_improve:  21 | div: 0.1262 | dt: 19.641s
[DE] iter   61 | best: -7.241447e+00 | no_improve:  22 | div: 0.1262 | dt: 18.406s
[DE] iter   62 | best: -7.241447e+00 | no_improve:  23 | div: 0.1262 | dt: 15.305s
[DE] iter   63 | best: -7.241447e+00 | no_improve:  24 | div: 0.1253 | dt: 18.459s
[DE] iter   64 | best: -7.241447e+00 | no_improve:  25 | div: 0.1253 | dt: 20.624s
[DE] iter   65 | best: -7.241447e+00 | no_improve:  26 | div: 0.1253 | dt: 19.809s
[DE] iter   66 | best: -7.241447e+00 | no_improve:  27 | div: 0.1234 | dt: 20.681s
[DE] iter   67 | best: -7.241447e+00 | no_improve:  28 | div: 0.1234 | dt: 19.590s
[DE] iter   68 | best: -7.241447e+00 | no_improve:  29 | div: 0.1234 | dt: 18.560s
[DE] iter   69 | best: -7.241447e+00 | no_improve:  30 | div: 0.1206 | dt: 21.703s
[DE] iter   70 | best: -7.241447e+00 | no_improve:  31 | div: 0.1200 | dt: 17.362s
[DE] iter   71 | best: -7.241447e+00 | no_improve:  32 | div: 0.1199 | dt: 17.468s
[DE] iter   72 | best: -7.241447e+00 | no_improve:  33 | div: 0.1184 | dt: 19.650s
[DE] iter   73 | best: -7.241447e+00 | no_improve:  34 | div: 0.1182 | dt: 21.023s
[DE] iter   74 | best: -7.241447e+00 | no_improve:  35 | div: 0.1182 | dt: 19.516s
[DE] iter   75 | best: -7.241447e+00 | no_improve:  36 | div: 0.1184 | dt: 18.500s
[DE] iter   76 | best: -7.241447e+00 | no_improve:  37 | div: 0.1189 | dt: 20.591s
[DE] iter   77 | best: -7.241447e+00 | no_improve:  38 | div: 0.1181 | dt: 20.361s
[DE] iter   78 | best: -7.241447e+00 | no_improve:  39 | div: 0.1171 | dt: 17.500s
[DE] iter   79 | best: -7.241447e+00 | no_improve:  40 | div: 0.1171 | dt: 18.461s
[DE] iter   80 | best: -7.241447e+00 | no_improve:  41 | div: 0.1171 | dt: 18.699s
[DE] iter   81 | best: -7.241447e+00 | no_improve:  42 | div: 0.1151 | dt: 18.709s
[DE] iter   82 | best: -7.241447e+00 | no_improve:  43 | div: 0.1117 | dt: 19.467s
[DE] iter   83 | best: -7.241447e+00 | no_improve:  44 | div: 0.1117 | dt: 19.498s
[DE] iter   84 | best: -7.241447e+00 | no_improve:  45 | div: 0.1117 | dt: 18.316s

============================================================
  Stop reason:  stagnated (div=0.1117, no_improve=45)
  Converged:    True
  Iterations:   84
  Best metric:  -7.241447e+00
  Diversity:    0.1117
  Best parameters:
    Lbn: 2.524039e+00
    Lbp: 4.005554e+00
    Ln: 1.009425e+00
    Lp: 4.246489e-01
    Lsn: 4.634604e-01
    Lsp: 7.830039e-01
    Wbn: 1.060873e+00
    Wbp: 1.791600e+00
    Wn: 2.209481e+00
    Wp: 7.046991e-01
    Wsn: 1.644777e+01
    Wsp: 4.763090e+00
============================================================


DE done in 1652s, 84 iters
Running final validation sweep...

============================================================
  Score: 0.80 / 1.00
  Specs met: 4/5

  Spec                          Target     Measured   Status
  ---------------------------------------------------------
  freq_hz                        >50e6     1.84e+08     PASS
  tuning_range_ratio                >2          N/A     FAIL
  power_uw                        <500       59.496     PASS
  temp_variation_pct               <10        0.103     PASS
  jitter_pct                        <1        0.500     PASS

  Best parameters:
    Lbn        = 2.5240
    Lbp        = 4.0056
    Ln         = 1.0094
    Lp         = 0.4246
    Lsn        = 0.4635
    Lsp        = 0.7830
    Wbn        = 1.0609
    Wbp        = 1.7916
    Wn         = 2.2095
    Wp         = 0.7047
    Wsn        = 16.4478
    Wsp        = 4.7631
============================================================

Final score: 0.80 | Specs: 4/5
